#
# A fatal error has been detected by the Java Runtime Environment:
#
#  EXCEPTION_ACCESS_VIOLATION (0xc0000005) at pc=0x00007ffa0d2b6b07, pid=16372, tid=17300
#
# JRE version: OpenJDK Runtime Environment (23.0.2+7) (build 23.0.2+7-58)
# Java VM: OpenJDK 64-Bit Server VM (23.0.2+7-58, mixed mode, sharing, tiered, compressed oops, compressed class ptrs, g1 gc, windows-amd64)
# Problematic frame:
# C  [glass.dll+0x26b07]
#
# No core dump will be written. Minidumps are not enabled by default on client versions of Windows
#
# If you would like to submit a bug report, please visit:
#   https://bugreport.java.com/bugreport/crash.jsp
#

---------------  S U M M A R Y ------------

Command Line: --enable-preview -javaagent:C:\Program Files\JetBrains\IntelliJ IDEA 2025.1.1.1\lib\idea_rt.jar=51115 -Dfile.encoding=UTF-8 -Dsun.stdout.encoding=UTF-8 -Dsun.stderr.encoding=UTF-8 --module-path=C:\Users\User\.m2\repository\com\fasterxml\jackson\core\jackson-annotations\2.14.2\jackson-annotations-2.14.2.jar;C:\Users\User\.m2\repository\com\gluonhq\attach\util\4.0.17\util-4.0.17.jar;C:\Users\User\.m2\repository\com\github\almasb\fxgl-scene\17.3\fxgl-scene-17.3.jar;C:\Users\User\.m2\repository\org\controlsfx\controlsfx\11.2.1\controlsfx-11.2.1.jar;C:\Users\User\.m2\repository\com\fasterxml\jackson\core\jackson-databind\2.14.2\jackson-databind-2.14.2.jar;C:\Users\User\.m2\repository\net\synedra\validatorfx\0.5.0\validatorfx-0.5.0.jar;C:\Users\User\.m2\repository\org\openjfx\javafx-base\17.0.6\javafx-base-17.0.6-win.jar;C:\Users\User\.m2\repository\org\openjfx\javafx-fxml\17.0.6\javafx-fxml-17.0.6-win.jar;C:\Users\User\.m2\repository\org\openjfx\javafx-controls\17.0.6\javafx-controls-17.0.6-win.jar;C:\Users\User\.m2\repository\eu\hansolo\toolbox\21.0.5\toolbox-21.0.5.jar;C:\Users\User\.m2\repository\com\gluonhq\attach\audio\4.0.17\audio-4.0.17.jar;C:\Users\User\.m2\repository\eu\hansolo\toolboxfx\21.0.3\toolboxfx-21.0.3.jar;C:\Users\User\.m2\repository\org\openjfx\javafx-web\17.0.6\javafx-web-17.0.6-win.jar;C:\Users\User\.m2\repository\org\kordamp\ikonli\ikonli-javafx\12.3.1\ikonli-javafx-12.3.1.jar;C:\Users\User\.m2\repository\com\fasterxml\jackson\core\jackson-core\2.14.2\jackson-core-2.14.2.jar;C:\Users\User\.m2\repository\org\openjfx\javafx-swing\17.0.6\javafx-swing-17.0.6-win.jar;C:\Users\User\.m2\repository\eu\hansolo\fx\countries\21.0.3\countries-21.0.3.jar;C:\Users\User\.m2\repository\org\openjfx\javafx-media\17.0.6\javafx-media-17.0.6-win.jar;C:\Users\User\.m2\repository\org\kordamp\ikonli\ikonli-core\12.3.1\ikonli-core-12.3.1.jar;C:\Users\User\.m2\repository\com\github\almasb\fxgl-core\17.3\fxgl-core-17.3.jar;C:\Workspace\GameBauCuaTomCa\GameBauCuaTomCa-master fix1\GameBauCuaTomCa-master\target\classes;C:\Users\User\.m2\repository\com\github\almasb\fxgl-entity\17.3\fxgl-entity-17.3.jar;C:\Users\User\.m2\repository\org\jetbrains\kotlin\k-Djdk.module.main=com.baucua.baucuatomca com.baucua.baucuatomca/client.LoginScene

Host: 12th Gen Intel(R) Core(TM) i7-12650H, 16 cores, 15G,  Windows 11 , 64 bit Build 26100 (10.0.26100.4768)
Time: Tue Jul 29 23:59:41 2025 SE Asia Standard Time elapsed time: 328.135378 seconds (0d 0h 5m 28s)

---------------  T H R E A D  ---------------

Current thread (0x0000026d705dbf90):  VMThread "VM Thread"          [id=17300, stack(0x000000f7b2600000,0x000000f7b2700000) (1024K)]

Stack: [0x000000f7b2600000,0x000000f7b2700000],  sp=0x000000f7b26ff010,  free space=1020k
Native frames: (J=compiled Java code, j=interpreted, Vv=VM code, C=native code)
C  [glass.dll+0x26b07]  (no source info available)
C  [ucrtbase.dll+0x4bc75]  (no source info available)
C  [ucrtbase.dll+0x4b897]  (no source info available)
C  [ucrtbase.dll+0x4b84d]  (no source info available)
C  [glass.dll+0x24261]  (no source info available)
C  [glass.dll+0x24386]  (no source info available)
C  [ntdll.dll+0x160cee]  (no source info available)
C  [ntdll.dll+0x729fe]  (no source info available)
C  [ntdll.dll+0x3dc2f]  (no source info available)
C  [ntdll.dll+0x3c504]  (no source info available)
C  [KERNEL32.DLL+0x418ab]  (no source info available)
C  [ucrtbase.dll+0xa0093]  (no source info available)
V  [jvm.dll+0x6d9b3c]  (no source info available)
V  [jvm.dll+0x6d9670]  (no source info available)
V  [jvm.dll+0x3da724]  (no source info available)
V  [jvm.dll+0x886d50]  (no source info available)
V  [jvm.dll+0x888077]  (no source info available)
V  [jvm.dll+0x8885a8]  (no source info available)
V  [jvm.dll+0x888843]  (no source info available)
V  [jvm.dll+0x8254cb]  (no source info available)
V  [jvm.dll+0x6df345]  (no source info available)
C  [ucrtbase.dll+0x37b0]  (no source info available)
C  [KERNEL32.DLL+0x2e8d7]  (no source info available)
C  [ntdll.dll+0x3c34c]  (no source info available)


siginfo: EXCEPTION_ACCESS_VIOLATION (0xc0000005), reading address 0x0000000000000000


Registers:
RAX=0x0000000000000000, RBX=0x0000026d705e597a, RCX=0x0000026d705dbf90, RDX=0x000000f7b26ff010
RSP=0x000000f7b26ff010, RBP=0x00004db341b2cbbf, RSI=0x0000026d46cdb688, RDI=0x0000026d46cdb660
R8 =0x0000000000010002, R9 =0x00004db341b2cbbf, R10=0x0000026d4e0f0000, R11=0x000000f7b26ff0f8
R12=0x0000000000000001, R13=0x00007ffa0d2b43d4, R14=0x000000f7b26ff118, R15=0x0000026d46cdb660
RIP=0x00007ffa0d2b6b07, EFLAGS=0x0000000000010202


Register to memory mapping:

RAX=0x0 is null
RBX=0x0000026d705e597a is a global jni handle
RCX=0x0000026d705dbf90 points into unknown readable memory: 0x00007ff95cfa0708 | 08 07 fa 5c f9 7f 00 00
RDX=0x000000f7b26ff010 points into unknown readable memory: 0x0000000000000000 | 00 00 00 00 00 00 00 00
RSP=0x000000f7b26ff010 points into unknown readable memory: 0x0000000000000000 | 00 00 00 00 00 00 00 00
RBP=0x00004db341b2cbbf is an unknown value
RSI=0x0000026d46cdb688 points into unknown readable memory: 0x00004db341b2cbbf | bf cb b2 41 b3 4d 00 00
RDI=0x0000026d46cdb660 points into unknown readable memory: 0x0000724e472754c9 | c9 54 27 47 4e 72 00 00
R8 =0x0000000000010002 is an unknown value
R9 =0x00004db341b2cbbf is an unknown value
R10=0x0000026d4e0f0000 points into unknown readable memory: 0x0000000000000000 | 00 00 00 00 00 00 00 00
R11=0x000000f7b26ff0f8 points into unknown readable memory: 0x00007ffa0d2b4261 | 61 42 2b 0d fa 7f 00 00
R12=0x0000000000000001 is an unknown value
R13=0x00007ffa0d2b43d4 glass.dll
R14=0x000000f7b26ff118 points into unknown readable memory: 0x000000f7b26ff100 | 00 f1 6f b2 f7 00 00 00
R15=0x0000026d46cdb660 points into unknown readable memory: 0x0000724e472754c9 | c9 54 27 47 4e 72 00 00

Top of Stack: (sp=0x000000f7b26ff010)
0x000000f7b26ff010:   0000000000000000 0000026d00000000
0x000000f7b26ff020:   0000026d469f0580 0000000000000001
0x000000f7b26ff030:   0000026d46cdb668 00007ffa25e9bc75
0x000000f7b26ff040:   0000026d46cdb660 0000026d00000000
0x000000f7b26ff050:   0000026d46cdb680 00004db341b2cbbf
0x000000f7b26ff060:   fffffffffffffffe 0000000000000001
0x000000f7b26ff070:   00007ffa0d290000 00007ffa0d290000
0x000000f7b26ff080:   000000f7b26ff108 00007ffa25e9b897
0x000000f7b26ff090:   000000f7b26ff100 000000f7b26ff118
0x000000f7b26ff0a0:   000000f7b26ff400 00007ffa25f888c0
0x000000f7b26ff0b0:   0000000000000001 00007ffa25e9b84d
0x000000f7b26ff0c0:   0000000000000000 0000000000000001
0x000000f7b26ff0d0:   0000000000000000 000000f7b26ff108
0x000000f7b26ff0e0:   fffffffffffffffe 0000000000000000
0x000000f7b26ff0f0:   0000000000000001 00007ffa0d2b4261
0x000000f7b26ff100:   00007ffa0d2ca138 00007ff900000002
0x000000f7b26ff110:   0000000000000002 000000f7b26ff100
0x000000f7b26ff120:   ffffffffffffff00 00002dc0f9774522
0x000000f7b26ff130:   0000000000000000 00007ffa0d2b4386
0x000000f7b26ff140:   0000000000000001 000000007ffe0300
0x000000f7b26ff150:   0000000000000001 00007ffa28d9314f
0x000000f7b26ff160:   0000026d477a57c0 00007ffa28d9268e
0x000000f7b26ff170:   0000000000000001 0000000000000000
0x000000f7b26ff180:   0000000000000000 000000007ffe0384
0x000000f7b26ff190:   0000026d467763f0 00007ffa28e80cee
0x000000f7b26ff1a0:   00007ffa0d290000 0000026d00000000
0x000000f7b26ff1b0:   0000000000000001 000000007ffe0385
0x000000f7b26ff1c0:   00007ffa0d2b7590 00007ffa28d929fe
0x000000f7b26ff1d0:   0000000000000000 0000000000000000
0x000000f7b26ff1e0:   0000000000000000 0000000000000000
0x000000f7b26ff1f0:   0000000000000000 0000000000000000
0x000000f7b26ff200:   0000000000000000 0000000000000000 

Instructions: (pc=0x00007ffa0d2b6b07)
0x00007ffa0d2b6a07:   8b 4d 58 e8 01 cf ff ff 48 8b 4d 60 e8 f8 ce ff
0x00007ffa0d2b6a17:   ff 48 8b 95 80 00 00 00 48 8b 8d 18 01 00 00 e8
0x00007ffa0d2b6a27:   c6 c3 ff ff 33 d2 33 c9 e8 3c e1 ff ff 90 48 89
0x00007ffa0d2b6a37:   54 24 10 55 48 83 ec 20 48 8b ea 48 b8 00 00 00
0x00007ffa0d2b6a47:   00 00 00 00 00 48 83 c4 20 5d c3 cc 40 55 48 8b
0x00007ffa0d2b6a57:   ea 48 8b 01 33 c9 81 38 05 00 00 c0 0f 94 c1 8b
0x00007ffa0d2b6a67:   c1 5d c3 cc 40 55 48 83 ec 20 48 8b ea 8a 4d 40
0x00007ffa0d2b6a77:   48 83 c4 20 5d e9 f7 d2 ff ff cc 40 55 48 83 ec
0x00007ffa0d2b6a87:   20 48 8b ea 8a 4d 20 e8 e5 d2 ff ff 90 48 83 c4
0x00007ffa0d2b6a97:   20 5d c3 cc 40 55 48 83 ec 20 48 8b ea 48 83 c4
0x00007ffa0d2b6aa7:   20 5d e9 46 d1 ff ff cc 40 55 48 83 ec 30 48 8b
0x00007ffa0d2b6ab7:   ea 48 8b 01 8b 10 48 89 4c 24 28 89 54 24 20 4c
0x00007ffa0d2b6ac7:   8d 0d e7 d5 ff ff 4c 8b 45 70 8b 55 68 48 8b 4d
0x00007ffa0d2b6ad7:   60 e8 87 d0 ff ff 90 48 83 c4 30 5d c3 cc cc cc
0x00007ffa0d2b6ae7:   cc cc cc cc cc cc cc cc cc 40 53 48 83 ec 20 48
0x00007ffa0d2b6af7:   8b 1d 33 30 01 00 48 85 db 74 16 e8 09 8b ff ff
0x00007ffa0d2b6b07:   4c 8b 00 48 8b d3 48 8b c8 41 ff 90 b0 00 00 00
0x00007ffa0d2b6b17:   90 48 83 c4 20 5b c3 cc cc 40 53 48 83 ec 20 48
0x00007ffa0d2b6b27:   8b 1d ab 31 01 00 48 85 db 74 57 b8 ff ff ff ff
0x00007ffa0d2b6b37:   f0 0f c1 43 10 83 f8 01 75 3d 48 85 db 74 38 48
0x00007ffa0d2b6b47:   8b 0b 48 85 c9 74 0d ff 15 54 07 00 00 48 c7 03
0x00007ffa0d2b6b57:   00 00 00 00 48 8b 4b 08 48 85 c9 74 0d e8 a7 cd
0x00007ffa0d2b6b67:   ff ff 48 c7 43 08 00 00 00 00 ba 18 00 00 00 48
0x00007ffa0d2b6b77:   8b cb e8 92 cd ff ff 48 c7 05 4f 31 01 00 00 00
0x00007ffa0d2b6b87:   00 00 48 83 c4 20 5b c3 cc 40 53 48 83 ec 20 48
0x00007ffa0d2b6b97:   8b 1d 1b 31 01 00 48 85 db 74 57 b8 ff ff ff ff
0x00007ffa0d2b6ba7:   f0 0f c1 43 10 83 f8 01 75 3d 48 85 db 74 38 48
0x00007ffa0d2b6bb7:   8b 0b 48 85 c9 74 0d ff 15 e4 06 00 00 48 c7 03
0x00007ffa0d2b6bc7:   00 00 00 00 48 8b 4b 08 48 85 c9 74 0d e8 37 cd
0x00007ffa0d2b6bd7:   ff ff 48 c7 43 08 00 00 00 00 ba 18 00 00 00 48
0x00007ffa0d2b6be7:   8b cb e8 22 cd ff ff 48 c7 05 bf 30 01 00 00 00
0x00007ffa0d2b6bf7:   00 00 48 83 c4 20 5b c3 cc 40 53 48 83 ec 20 48 


Stack slot to memory mapping:

stack at sp + 0 slots: 0x0 is null
stack at sp + 1 slots: 0x0000026d00000000 is pointing into metadata
stack at sp + 2 slots: 0x0000026d469f0580 points into unknown readable memory: 0x0000026d469efef0 | f0 fe 9e 46 6d 02 00 00
stack at sp + 3 slots: 0x0000000000000001 is an unknown value
stack at sp + 4 slots: 0x0000026d46cdb668 points into unknown readable memory: 0x00004db341b2cbbf | bf cb b2 41 b3 4d 00 00
stack at sp + 5 slots: 0x00007ffa25e9bc75 ucrtbase.dll
stack at sp + 6 slots: 0x0000026d46cdb660 points into unknown readable memory: 0x0000724e472754c9 | c9 54 27 47 4e 72 00 00
stack at sp + 7 slots: 0x0000026d00000000 is pointing into metadata

VM_Operation (0x000000f7b1dff0e0): Exit, mode: safepoint, requested by thread 0x0000026d78f43330


---------------  P R O C E S S  ---------------

Threads class SMR info:
_java_thread_list=0x0000026d45f0b2e0, length=26, elements={
0x0000026d505f3a80, 0x0000026d705f4ae0, 0x0000026d705f82c0, 0x0000026d705fdcb0,
0x0000026d705fd620, 0x0000026d705fe340, 0x0000026d705ff6f0, 0x0000026d70614690,
0x0000026d70616730, 0x0000026d705ff060, 0x0000026d705ffd80, 0x0000026d705fe9d0,
0x0000026d705fcf90, 0x0000026d46590220, 0x0000026d4658d430, 0x0000026d4658dac0,
0x0000026d4658fb90, 0x0000026d4658e7e0, 0x0000026d4658cda0, 0x0000026d48326280,
0x0000026d48324ed0, 0x0000026d483241b0, 0x0000026d48327630, 0x0000026d78f446e0,
0x0000026d78f43330, 0x0000026d78f42ca0
}

Java Threads: ( => current thread )
  0x0000026d505f3a80 JavaThread "main"                              [_thread_blocked, id=10340, stack(0x000000f7b1f00000,0x000000f7b2000000) (1024K)]
  0x0000026d705f4ae0 JavaThread "Reference Handler"          daemon [_thread_blocked, id=2872, stack(0x000000f7b2700000,0x000000f7b2800000) (1024K)]
  0x0000026d705f82c0 JavaThread "Finalizer"                  daemon [_thread_blocked, id=22344, stack(0x000000f7b2800000,0x000000f7b2900000) (1024K)]
  0x0000026d705fdcb0 JavaThread "Signal Dispatcher"          daemon [_thread_blocked, id=17524, stack(0x000000f7b2900000,0x000000f7b2a00000) (1024K)]
  0x0000026d705fd620 JavaThread "Attach Listener"            daemon [_thread_blocked, id=18028, stack(0x000000f7b2a00000,0x000000f7b2b00000) (1024K)]
  0x0000026d705fe340 JavaThread "Service Thread"             daemon [_thread_blocked, id=18036, stack(0x000000f7b2b00000,0x000000f7b2c00000) (1024K)]
  0x0000026d705ff6f0 JavaThread "Monitor Deflation Thread"   daemon [_thread_blocked, id=21684, stack(0x000000f7b2c00000,0x000000f7b2d00000) (1024K)]
  0x0000026d70614690 JavaThread "C2 CompilerThread0"         daemon [_thread_blocked, id=23188, stack(0x000000f7b2d00000,0x000000f7b2e00000) (1024K)]
  0x0000026d70616730 JavaThread "C1 CompilerThread0"         daemon [_thread_blocked, id=9572, stack(0x000000f7b2e00000,0x000000f7b2f00000) (1024K)]
  0x0000026d705ff060 JavaThread "Common-Cleaner"             daemon [_thread_blocked, id=6084, stack(0x000000f7b3100000,0x000000f7b3200000) (1024K)]
  0x0000026d705ffd80 JavaThread "Monitor Ctrl-Break"         daemon [_thread_in_native, id=19368, stack(0x000000f7b3a00000,0x000000f7b3b00000) (1024K)]
  0x0000026d705fe9d0 JavaThread "Notification Thread"        daemon [_thread_blocked, id=12768, stack(0x000000f7b3b00000,0x000000f7b3c00000) (1024K)]
  0x0000026d705fcf90 JavaThread "RMI TCP Accept-0"           daemon [_thread_in_native, id=18776, stack(0x000000f7b4600000,0x000000f7b4700000) (1024K)]
  0x0000026d46590220 JavaThread "RMI TCP Connection(1)-192.168.1.22" daemon [_thread_blocked, id=18084, stack(0x000000f7b4800000,0x000000f7b4900000) (1024K)]
  0x0000026d4658d430 JavaThread "RMI Scheduler(0)"           daemon [_thread_blocked, id=8824, stack(0x000000f7b4900000,0x000000f7b4a00000) (1024K)]
  0x0000026d4658dac0 JavaThread "JMX server connection timeout 44" daemon [_thread_blocked, id=16688, stack(0x000000f7b4a00000,0x000000f7b4b00000) (1024K)]
  0x0000026d4658fb90 JavaThread "InvokeLaterDispatcher"      daemon [_thread_blocked, id=14484, stack(0x000000f7b4c00000,0x000000f7b4d00000) (1024K)]
  0x0000026d4658e7e0 JavaThread "JavaFX Application Thread"         [_thread_in_native, id=11060, stack(0x000000f7b4b00000,0x000000f7b4c00000) (1024K)]
  0x0000026d4658cda0 JavaThread "JavaFX-Launcher"                   [_thread_blocked, id=5964, stack(0x000000f7b3900000,0x000000f7b3a00000) (1024K)]
  0x0000026d48326280 JavaThread "Thread-2"                   daemon [_thread_in_native, id=12396, stack(0x000000f7b3800000,0x000000f7b3900000) (1024K)]
  0x0000026d48324ed0 JavaThread "Prism Font Disposer"        daemon [_thread_blocked, id=23096, stack(0x000000f7b5400000,0x000000f7b5500000) (1024K)]
  0x0000026d483241b0 JavaThread "Cleaner-0"                  daemon [_thread_blocked, id=21996, stack(0x000000f7b5600000,0x000000f7b5700000) (1024K)]
  0x0000026d48327630 JavaThread "mysql-cj-abandoned-connection-cleanup" daemon [_thread_blocked, id=5244, stack(0x000000f7b2f00000,0x000000f7b3000000) (1024K)]
  0x0000026d78f446e0 JavaThread "Java2D Disposer"            daemon [_thread_blocked, id=10972, stack(0x000000f7b4700000,0x000000f7b4800000) (1024K)]
  0x0000026d78f43330 JavaThread "SIGINT handler"             daemon [_thread_blocked, id=12820, stack(0x000000f7b1d00000,0x000000f7b1e00000) (1024K)]
  0x0000026d78f42ca0 JavaThread "AWT-Shutdown"                      [_thread_blocked, id=20260, stack(0x000000f7b1e00000,0x000000f7b1f00000) (1024K)]
Total: 26

Other Threads:
=>0x0000026d705dbf90 VMThread "VM Thread"                           [id=17300, stack(0x000000f7b2600000,0x000000f7b2700000) (1024K)]
  0x0000026d5065e4a0 WorkerThread "GC Thread#0"                     [id=16024, stack(0x000000f7b2000000,0x000000f7b2100000) (1024K)]
  0x0000026d4611e640 WorkerThread "GC Thread#1"                     [id=9760, stack(0x000000f7b3c00000,0x000000f7b3d00000) (1024K)]
  0x0000026d4611ee00 WorkerThread "GC Thread#2"                     [id=19920, stack(0x000000f7b3d00000,0x000000f7b3e00000) (1024K)]
  0x0000026d4611f1b0 WorkerThread "GC Thread#3"                     [id=16112, stack(0x000000f7b3e00000,0x000000f7b3f00000) (1024K)]
  0x0000026d4611f560 WorkerThread "GC Thread#4"                     [id=12328, stack(0x000000f7b3f00000,0x000000f7b4000000) (1024K)]
  0x0000026d4611f910 WorkerThread "GC Thread#5"                     [id=12900, stack(0x000000f7b4000000,0x000000f7b4100000) (1024K)]
  0x0000026d45fbbbc0 WorkerThread "GC Thread#6"                     [id=16280, stack(0x000000f7b4100000,0x000000f7b4200000) (1024K)]
  0x0000026d461e6520 WorkerThread "GC Thread#7"                     [id=12116, stack(0x000000f7b4200000,0x000000f7b4300000) (1024K)]
  0x0000026d45b9c2f0 WorkerThread "GC Thread#8"                     [id=16532, stack(0x000000f7b4300000,0x000000f7b4400000) (1024K)]
  0x0000026d45b9c6a0 WorkerThread "GC Thread#9"                     [id=15400, stack(0x000000f7b4400000,0x000000f7b4500000) (1024K)]
  0x0000026d475082d0 WorkerThread "GC Thread#10"                    [id=20164, stack(0x000000f7b4e00000,0x000000f7b4f00000) (1024K)]
  0x0000026d47507410 WorkerThread "GC Thread#11"                    [id=20888, stack(0x000000f7b4f00000,0x000000f7b5000000) (1024K)]
  0x0000026d47505690 WorkerThread "GC Thread#12"                    [id=11252, stack(0x000000f7b5000000,0x000000f7b5100000) (1024K)]
  0x0000026d50672f10 ConcurrentGCThread "G1 Main Marker"            terminated
  0x0000026d50673a20 WorkerThread "G1 Conc#0"                       [id=2656, stack(0x000000f7b2200000,0x000000f7b2300000) (1024K)]
  0x0000026d4d35c060 WorkerThread "G1 Conc#1"                       [id=2664, stack(0x000000f7b3300000,0x000000f7b3400000) (1024K)]
  0x0000026d4d35adf0 WorkerThread "G1 Conc#2"                       [id=11080, stack(0x000000f7b5100000,0x000000f7b5200000) (1024K)]
  0x0000026d704995d0 ConcurrentGCThread "G1 Refine#0"               terminated
  0x0000026d70499e00 ConcurrentGCThread "G1 Service"                terminated
Total: 20

Threads with active compile tasks:
Total: 0

VM state: at safepoint (shutting down)

VM Mutex/Monitor currently owned by a thread:  ([mutex/lock_event])
[0x00007ff95d174888] Threads_lock - owner thread: 0x0000026d705dbf90
[0x00007ff95d174988] Heap_lock - owner thread: 0x0000026d78f43330

Heap address: 0x0000000704a00000, size: 4022 MB, Compressed Oops mode: Zero based, Oop shift amount: 3

CDS archive(s) mapped at: [0x0000026d00000000-0x0000026d00d70000-0x0000026d00d70000), size 14090240, SharedBaseAddress: 0x0000026d00000000, ArchiveRelocationMode: 1.
Compressed class space mapped at: 0x0000026d01000000-0x0000026d41000000, reserved size: 1073741824
Narrow klass base: 0x0000026d00000000, Narrow klass shift: 0, Narrow klass range: 0x41000000

GC Precious Log:
 CardTable entry size: 512
 Card Set container configuration: InlinePtr #cards 4 size 8 Array Of Cards #cards 16 size 48 Howl #buckets 8 coarsen threshold 3686 Howl Bitmap #cards 512 size 80 coarsen threshold 460 Card regions per heap region 1 cards per card region 4096
 CPUs: 16 total, 16 available
 Memory: 16087M
 Large Page Support: Disabled
 NUMA Support: Disabled
 Compressed Oops: Enabled (Zero based)
 Heap Region Size: 2M
 Heap Min Capacity: 8M
 Heap Initial Capacity: 252M
 Heap Max Capacity: 4022M
 Pre-touch: Disabled
 Parallel Workers: 13
 Concurrent Workers: 3
 Concurrent Refinement Workers: 13
 Periodic GC: Disabled

Heap:
 garbage-first heap   total reserved 4118528K, committed 59392K, used 22571K [0x0000000704a00000, 0x0000000800000000)
  region size 2048K, 2 young (4096K), 1 survivors (2048K)
 Metaspace       used 33801K, committed 34240K, reserved 1114112K
  class space    used 4261K, committed 4480K, reserved 1048576K

Heap Regions: E=young(eden), S=young(survivor), O=old, HS=humongous(starts), HC=humongous(continues), CS=collection set, F=free, TAMS=top-at-mark-start, PB=parsable bottom
|   0|0x0000000704a00000, 0x0000000704c00000, 0x0000000704c00000|100%| O|  |TAMS 0x0000000704a00000| PB 0x0000000704a00000| Untracked |  0
|   1|0x0000000704c00000, 0x0000000704e00000, 0x0000000704e00000|100%| O|  |TAMS 0x0000000704c00000| PB 0x0000000704c00000| Untracked |  0
|   2|0x0000000704e00000, 0x0000000705000000, 0x0000000705000000|100%| O|  |TAMS 0x0000000704e00000| PB 0x0000000704e00000| Untracked |  0
|   3|0x0000000705000000, 0x0000000705200000, 0x0000000705200000|100%|HS|  |TAMS 0x0000000705000000| PB 0x0000000705000000| Complete |  0
|   4|0x0000000705200000, 0x0000000705400000, 0x0000000705400000|100%| O|  |TAMS 0x0000000705200000| PB 0x0000000705200000| Untracked |  0
|   5|0x0000000705400000, 0x0000000705600000, 0x0000000705600000|100%| O|  |TAMS 0x0000000705400000| PB 0x0000000705400000| Untracked |  0
|   6|0x0000000705600000, 0x0000000705800000, 0x0000000705800000|100%| O|  |TAMS 0x0000000705600000| PB 0x0000000705600000| Untracked |  0
|   7|0x0000000705800000, 0x0000000705a00000, 0x0000000705a00000|100%| O|  |TAMS 0x0000000705800000| PB 0x0000000705800000| Untracked |  0
|   8|0x0000000705a00000, 0x0000000705c00000, 0x0000000705c00000|100%| O|  |TAMS 0x0000000705a00000| PB 0x0000000705a00000| Untracked |  0
|   9|0x0000000705c00000, 0x0000000705c00000, 0x0000000705e00000|  0%| F|  |TAMS 0x0000000705c00000| PB 0x0000000705c00000| Untracked |  0
|  10|0x0000000705e00000, 0x0000000705e00000, 0x0000000706000000|  0%| F|  |TAMS 0x0000000705e00000| PB 0x0000000705e00000| Untracked |  0
|  11|0x0000000706000000, 0x0000000706102890, 0x0000000706200000| 50%| S|CS|TAMS 0x0000000706000000| PB 0x0000000706000000| Complete |  0
|  12|0x0000000706200000, 0x0000000706400000, 0x0000000706400000|100%| O|  |TAMS 0x0000000706200000| PB 0x0000000706200000| Untracked |  0
|  13|0x0000000706400000, 0x0000000706508718, 0x0000000706600000| 51%| O|  |TAMS 0x0000000706400000| PB 0x0000000706400000| Untracked |  0
|  14|0x0000000706600000, 0x0000000706600000, 0x0000000706800000|  0%| F|  |TAMS 0x0000000706600000| PB 0x0000000706600000| Untracked |  0
|  15|0x0000000706800000, 0x0000000706800000, 0x0000000706a00000|  0%| F|  |TAMS 0x0000000706800000| PB 0x0000000706800000| Untracked |  0
|  16|0x0000000706a00000, 0x0000000706a00000, 0x0000000706c00000|  0%| F|  |TAMS 0x0000000706a00000| PB 0x0000000706a00000| Untracked |  0
|  17|0x0000000706c00000, 0x0000000706c00000, 0x0000000706e00000|  0%| F|  |TAMS 0x0000000706c00000| PB 0x0000000706c00000| Untracked |  0
|  18|0x0000000706e00000, 0x0000000706e00000, 0x0000000707000000|  0%| F|  |TAMS 0x0000000706e00000| PB 0x0000000706e00000| Untracked |  0
|  19|0x0000000707000000, 0x0000000707000000, 0x0000000707200000|  0%| F|  |TAMS 0x0000000707000000| PB 0x0000000707000000| Untracked |  0
|  20|0x0000000707200000, 0x0000000707200000, 0x0000000707400000|  0%| F|  |TAMS 0x0000000707200000| PB 0x0000000707200000| Untracked |  0
|  21|0x0000000707400000, 0x0000000707400000, 0x0000000707600000|  0%| F|  |TAMS 0x0000000707400000| PB 0x0000000707400000| Untracked |  0
|  22|0x0000000707600000, 0x0000000707600000, 0x0000000707800000|  0%| F|  |TAMS 0x0000000707600000| PB 0x0000000707600000| Untracked |  0
|  23|0x0000000707800000, 0x0000000707800000, 0x0000000707a00000|  0%| F|  |TAMS 0x0000000707800000| PB 0x0000000707800000| Untracked |  0
|  24|0x0000000707a00000, 0x0000000707a00000, 0x0000000707c00000|  0%| F|  |TAMS 0x0000000707a00000| PB 0x0000000707a00000| Untracked |  0
|  25|0x0000000707c00000, 0x0000000707c00000, 0x0000000707e00000|  0%| F|  |TAMS 0x0000000707c00000| PB 0x0000000707c00000| Untracked |  0
|  26|0x0000000707e00000, 0x0000000707e00000, 0x0000000708000000|  0%| F|  |TAMS 0x0000000707e00000| PB 0x0000000707e00000| Untracked |  0
| 124|0x0000000714200000, 0x0000000714200000, 0x0000000714400000|  0%| F|  |TAMS 0x0000000714200000| PB 0x0000000714200000| Untracked |  0
| 125|0x0000000714400000, 0x000000071449e1e0, 0x0000000714600000| 30%| E|  |TAMS 0x0000000714400000| PB 0x0000000714400000| Complete |  0

Card table byte_map: [0x0000026d68ea0000,0x0000026d69680000] _byte_map_base: 0x0000026d6567b000

Marking Bits: (CMBitMap*) 0x0000026d5065ebb0
 Bits: [0x0000026d69680000, 0x0000026d6d558000)

Polling page: 0x0000026d4e3c0000

Metaspace:

Usage:
  Non-class:     28.85 MB used.
      Class:      4.16 MB used.
       Both:     33.01 MB used.

Virtual space:
  Non-class space:       64.00 MB reserved,      29.06 MB ( 45%) committed,  1 nodes.
      Class space:        1.00 GB reserved,       4.38 MB ( <1%) committed,  1 nodes.
             Both:        1.06 GB reserved,      33.44 MB (  3%) committed. 

Chunk freelists:
   Non-Class:  2.82 MB
       Class:  11.57 MB
        Both:  14.39 MB

MaxMetaspaceSize: unlimited
CompressedClassSpaceSize: 1.00 GB
Initial GC threshold: 21.00 MB
Current GC threshold: 35.31 MB
CDS: on
 - commit_granule_bytes: 65536.
 - commit_granule_words: 8192.
 - virtual_space_node_default_size: 8388608.
 - enlarge_chunks_in_place: 1.
 - use_allocation_guard: 0.


Internal statistics:

num_allocs_failed_limit: 3.
num_arena_births: 560.
num_arena_deaths: 0.
num_vsnodes_births: 2.
num_vsnodes_deaths: 0.
num_space_committed: 535.
num_space_uncommitted: 0.
num_chunks_returned_to_freelist: 3.
num_chunks_taken_from_freelist: 1437.
num_chunk_merges: 3.
num_chunk_splits: 944.
num_chunks_enlarged: 615.
num_inconsistent_stats: 0.

CodeHeap 'non-profiled nmethods': size=119232Kb used=4904Kb max_used=4904Kb free=114327Kb
 bounds [0x0000026d608b0000, 0x0000026d60d80000, 0x0000026d67d20000]
CodeHeap 'profiled nmethods': size=119104Kb used=12619Kb max_used=12619Kb free=106484Kb
 bounds [0x0000026d58d20000, 0x0000026d59980000, 0x0000026d60170000]
CodeHeap 'non-nmethods': size=7424Kb used=2033Kb max_used=3708Kb free=5390Kb
 bounds [0x0000026d60170000, 0x0000026d60520000, 0x0000026d608b0000]
CodeCache: size=245760Kb, used=19556Kb, max_used=21231Kb, free=226201Kb
 total_blobs=9161, nmethods=8133, adapters=933, full_count=0
Compilation: enabled, stopped_count=0, restarted_count=0

Compilation events (20 events):
Event: 307.348 Thread 0x0000026d70614690 8124       4       jdk.internal.util.ByteArray::setLong (10 bytes)
Event: 307.349 Thread 0x0000026d70614690 nmethod 8124 0x0000026d60d78788 code [0x0000026d60d78880, 0x0000026d60d78960]
Event: 308.378 Thread 0x0000026d70614690 8125       4       java.lang.Long::valueOf (40 bytes)
Event: 308.379 Thread 0x0000026d70614690 nmethod 8125 0x0000026d60d78a88 code [0x0000026d60d78ba0, 0x0000026d60d78cb8]
Event: 314.542 Thread 0x0000026d70614690 8126       4       java.util.TreeMap::get (19 bytes)
Event: 314.543 Thread 0x0000026d70614690 nmethod 8126 0x0000026d60d78d88 code [0x0000026d60d78ea0, 0x0000026d60d78f58]
Event: 317.622 Thread 0x0000026d70614690 8127       4       sun.rmi.runtime.Log$LoggerLog::isLoggable (9 bytes)
Event: 317.623 Thread 0x0000026d70614690 nmethod 8127 0x0000026d60d79088 code [0x0000026d60d791a0, 0x0000026d60d79288]
Event: 326.876 Thread 0x0000026d70614690 8128       4       java.io.ObjectStreamClass::getSerialVersionUID (42 bytes)
Event: 326.876 Thread 0x0000026d70614690 nmethod 8128 0x0000026d60d79388 code [0x0000026d60d79480, 0x0000026d60d79538]
Event: 326.876 Thread 0x0000026d70614690 8129       4       java.io.ClassCache::get (56 bytes)
Event: 326.883 Thread 0x0000026d70614690 nmethod 8129 0x0000026d60d79688 code [0x0000026d60d79820, 0x0000026d60d79fe8]
Event: 327.382 Thread 0x0000026d70616730 8130       3       java.util.Collections$3::hasMoreElements (10 bytes)
Event: 327.385 Thread 0x0000026d70616730 nmethod 8130 0x0000026d59971e08 code [0x0000026d59971f20, 0x0000026d59972100]
Event: 327.385 Thread 0x0000026d70616730 8131       3       java.util.Collections$3::nextElement (10 bytes)
Event: 327.385 Thread 0x0000026d70616730 nmethod 8131 0x0000026d59972188 code [0x0000026d599722a0, 0x0000026d59972480]
Event: 327.386 Thread 0x0000026d70616730 8133       3       com.sun.prism.d3d.D3DResource$D3DRecord::dispose (41 bytes)
Event: 327.387 Thread 0x0000026d70616730 nmethod 8133 0x0000026d59972508 code [0x0000026d59972660, 0x0000026d59972988]
Event: 327.387 Thread 0x0000026d70616730 8132       3       com.sun.prism.d3d.D3DResourceFactory::removeRecord (10 bytes)
Event: 327.387 Thread 0x0000026d70616730 nmethod 8132 0x0000026d59972a08 code [0x0000026d59972b20, 0x0000026d59972cf0]

GC Heap History (20 events):
Event: 16.188 GC heap before
{Heap before GC invocations=8 (full 0):
 garbage-first heap   total reserved 4118528K, committed 59392K, used 45277K [0x0000000704a00000, 0x0000000800000000)
  region size 2048K, 16 young (32768K), 2 survivors (4096K)
 Metaspace       used 23324K, committed 23744K, reserved 1114112K
  class space    used 3083K, committed 3264K, reserved 1048576K
}
Event: 16.190 GC heap after
{Heap after GC invocations=9 (full 0):
 garbage-first heap   total reserved 4118528K, committed 59392K, used 16259K [0x0000000704a00000, 0x0000000800000000)
  region size 2048K, 1 young (2048K), 1 survivors (2048K)
 Metaspace       used 23324K, committed 23744K, reserved 1114112K
  class space    used 3083K, committed 3264K, reserved 1048576K
}
Event: 18.569 GC heap before
{Heap before GC invocations=9 (full 0):
 garbage-first heap   total reserved 4118528K, committed 59392K, used 46979K [0x0000000704a00000, 0x0000000800000000)
  region size 2048K, 16 young (32768K), 1 survivors (2048K)
 Metaspace       used 24369K, committed 24832K, reserved 1114112K
  class space    used 3255K, committed 3456K, reserved 1048576K
}
Event: 18.571 GC heap after
{Heap after GC invocations=10 (full 0):
 garbage-first heap   total reserved 4118528K, committed 59392K, used 18187K [0x0000000704a00000, 0x0000000800000000)
  region size 2048K, 2 young (4096K), 2 survivors (4096K)
 Metaspace       used 24369K, committed 24832K, reserved 1114112K
  class space    used 3255K, committed 3456K, reserved 1048576K
}
Event: 21.431 GC heap before
{Heap before GC invocations=10 (full 0):
 garbage-first heap   total reserved 4118528K, committed 59392K, used 46859K [0x0000000704a00000, 0x0000000800000000)
  region size 2048K, 16 young (32768K), 2 survivors (4096K)
 Metaspace       used 24495K, committed 24896K, reserved 1114112K
  class space    used 3260K, committed 3456K, reserved 1048576K
}
Event: 21.434 GC heap after
{Heap after GC invocations=11 (full 0):
 garbage-first heap   total reserved 4118528K, committed 59392K, used 19335K [0x0000000704a00000, 0x0000000800000000)
  region size 2048K, 1 young (2048K), 1 survivors (2048K)
 Metaspace       used 24495K, committed 24896K, reserved 1114112K
  class space    used 3260K, committed 3456K, reserved 1048576K
}
Event: 24.626 GC heap before
{Heap before GC invocations=11 (full 0):
 garbage-first heap   total reserved 4118528K, committed 59392K, used 50055K [0x0000000704a00000, 0x0000000800000000)
  region size 2048K, 16 young (32768K), 1 survivors (2048K)
 Metaspace       used 24523K, committed 24960K, reserved 1114112K
  class space    used 3261K, committed 3456K, reserved 1048576K
}
Event: 24.628 GC heap after
{Heap after GC invocations=12 (full 0):
 garbage-first heap   total reserved 4118528K, committed 59392K, used 19152K [0x0000000704a00000, 0x0000000800000000)
  region size 2048K, 1 young (2048K), 1 survivors (2048K)
 Metaspace       used 24523K, committed 24960K, reserved 1114112K
  class space    used 3261K, committed 3456K, reserved 1048576K
}
Event: 27.777 GC heap before
{Heap before GC invocations=12 (full 0):
 garbage-first heap   total reserved 4118528K, committed 59392K, used 49872K [0x0000000704a00000, 0x0000000800000000)
  region size 2048K, 16 young (32768K), 1 survivors (2048K)
 Metaspace       used 24567K, committed 25024K, reserved 1114112K
  class space    used 3261K, committed 3456K, reserved 1048576K
}
Event: 27.779 GC heap after
{Heap after GC invocations=13 (full 0):
 garbage-first heap   total reserved 4118528K, committed 59392K, used 19064K [0x0000000704a00000, 0x0000000800000000)
  region size 2048K, 1 young (2048K), 1 survivors (2048K)
 Metaspace       used 24567K, committed 25024K, reserved 1114112K
  class space    used 3261K, committed 3456K, reserved 1048576K
}
Event: 30.938 GC heap before
{Heap before GC invocations=13 (full 0):
 garbage-first heap   total reserved 4118528K, committed 59392K, used 51832K [0x0000000704a00000, 0x0000000800000000)
  region size 2048K, 17 young (34816K), 1 survivors (2048K)
 Metaspace       used 24617K, committed 25024K, reserved 1114112K
  class space    used 3268K, committed 3456K, reserved 1048576K
}
Event: 30.940 GC heap after
{Heap after GC invocations=14 (full 0):
 garbage-first heap   total reserved 4118528K, committed 59392K, used 19434K [0x0000000704a00000, 0x0000000800000000)
  region size 2048K, 1 young (2048K), 1 survivors (2048K)
 Metaspace       used 24617K, committed 25024K, reserved 1114112K
  class space    used 3268K, committed 3456K, reserved 1048576K
}
Event: 33.572 GC heap before
{Heap before GC invocations=14 (full 0):
 garbage-first heap   total reserved 4118528K, committed 59392K, used 50154K [0x0000000704a00000, 0x0000000800000000)
  region size 2048K, 17 young (34816K), 1 survivors (2048K)
 Metaspace       used 26518K, committed 26944K, reserved 1114112K
  class space    used 3480K, committed 3712K, reserved 1048576K
}
Event: 33.575 GC heap after
{Heap after GC invocations=15 (full 0):
 garbage-first heap   total reserved 4118528K, committed 59392K, used 19637K [0x0000000704a00000, 0x0000000800000000)
  region size 2048K, 1 young (2048K), 1 survivors (2048K)
 Metaspace       used 26518K, committed 26944K, reserved 1114112K
  class space    used 3480K, committed 3712K, reserved 1048576K
}
Event: 81.376 GC heap before
{Heap before GC invocations=15 (full 0):
 garbage-first heap   total reserved 4118528K, committed 59392K, used 50357K [0x0000000704a00000, 0x0000000800000000)
  region size 2048K, 17 young (34816K), 1 survivors (2048K)
 Metaspace       used 33585K, committed 34112K, reserved 1114112K
  class space    used 4258K, committed 4480K, reserved 1048576K
}
Event: 81.378 GC heap after
{Heap after GC invocations=16 (full 0):
 garbage-first heap   total reserved 4118528K, committed 59392K, used 22034K [0x0000000704a00000, 0x0000000800000000)
  region size 2048K, 3 young (6144K), 3 survivors (6144K)
 Metaspace       used 33585K, committed 34112K, reserved 1114112K
  class space    used 4258K, committed 4480K, reserved 1048576K
}
Event: 83.860 GC heap before
{Heap before GC invocations=16 (full 0):
 garbage-first heap   total reserved 4118528K, committed 59392K, used 46610K [0x0000000704a00000, 0x0000000800000000)
  region size 2048K, 15 young (30720K), 3 survivors (6144K)
 Metaspace       used 33616K, committed 34112K, reserved 1114112K
  class space    used 4258K, committed 4480K, reserved 1048576K
}
Event: 83.863 GC heap after
{Heap after GC invocations=17 (full 0):
 garbage-first heap   total reserved 4118528K, committed 59392K, used 23216K [0x0000000704a00000, 0x0000000800000000)
  region size 2048K, 1 young (2048K), 1 survivors (2048K)
 Metaspace       used 33616K, committed 34112K, reserved 1114112K
  class space    used 4258K, committed 4480K, reserved 1048576K
}
Event: 327.383 GC heap before
{Heap before GC invocations=17 (full 0):
 garbage-first heap   total reserved 4118528K, committed 59392K, used 51888K [0x0000000704a00000, 0x0000000800000000)
  region size 2048K, 15 young (30720K), 1 survivors (2048K)
 Metaspace       used 33793K, committed 34240K, reserved 1114112K
  class space    used 4259K, committed 4480K, reserved 1048576K
}
Event: 327.385 GC heap after
{Heap after GC invocations=18 (full 0):
 garbage-first heap   total reserved 4118528K, committed 59392K, used 22571K [0x0000000704a00000, 0x0000000800000000)
  region size 2048K, 1 young (2048K), 1 survivors (2048K)
 Metaspace       used 33793K, committed 34240K, reserved 1114112K
  class space    used 4259K, committed 4480K, reserved 1048576K
}

Dll operation events (20 events):
Event: 0.391 Loaded shared library C:\Users\User\.openjfx\cache\17.0.6\api-ms-win-crt-private-l1-1-0.dll
Event: 0.393 Loaded shared library C:\Users\User\.openjfx\cache\17.0.6\api-ms-win-crt-process-l1-1-0.dll
Event: 0.396 Loaded shared library C:\Users\User\.openjfx\cache\17.0.6\api-ms-win-crt-runtime-l1-1-0.dll
Event: 0.399 Loaded shared library C:\Users\User\.openjfx\cache\17.0.6\api-ms-win-crt-stdio-l1-1-0.dll
Event: 0.401 Loaded shared library C:\Users\User\.openjfx\cache\17.0.6\api-ms-win-crt-string-l1-1-0.dll
Event: 0.404 Loaded shared library C:\Users\User\.openjfx\cache\17.0.6\api-ms-win-crt-time-l1-1-0.dll
Event: 0.406 Loaded shared library C:\Users\User\.openjfx\cache\17.0.6\api-ms-win-crt-utility-l1-1-0.dll
Event: 0.419 Loaded shared library C:\Users\User\.openjfx\cache\17.0.6\ucrtbase.dll
Event: 0.422 Loaded shared library C:\Users\User\.openjfx\cache\17.0.6\vcruntime140.dll
Event: 0.425 Loaded shared library C:\Users\User\.openjfx\cache\17.0.6\vcruntime140_1.dll
Event: 0.432 Loaded shared library C:\Users\User\.openjfx\cache\17.0.6\msvcp140.dll
Event: 0.433 Loaded shared library C:\Users\User\.openjfx\cache\17.0.6\msvcp140_1.dll
Event: 0.436 Loaded shared library C:\Users\User\.openjfx\cache\17.0.6\msvcp140_2.dll
Event: 0.493 Loaded shared library C:\Users\User\.openjfx\cache\17.0.6\prism_d3d.dll
Event: 0.657 Loaded shared library C:\Users\User\.openjfx\cache\17.0.6\glass.dll
Event: 1.087 Loaded shared library C:\Users\User\.openjfx\cache\17.0.6\javafx_font.dll
Event: 16.977 Loaded shared library C:\Users\User\.openjfx\cache\17.0.6\javafx_iio.dll
Event: 33.501 Loaded shared library C:\Users\User\.jdks\openjdk-23.0.2\bin\verify.dll
Event: 33.707 Loaded shared library C:\Users\User\.jdks\openjdk-23.0.2\bin\sunmscapi.dll
Event: 37.100 Loaded shared library C:\Users\User\.jdks\openjdk-23.0.2\bin\awt.dll

Deoptimization events (20 events):
Event: 327.385 Thread 0x0000026d78f46120 Uncommon trap: trap_request=0xffffff45 fr.pc=0x0000026d60b20058 relative=0x0000000000000058
Event: 327.385 Thread 0x0000026d78f46120 Uncommon trap: reason=unstable_if action=reinterpret pc=0x0000026d60b20058 method=java.lang.Thread.getAndClearInterrupt()Z @ 6 c2
Event: 327.385 Thread 0x0000026d78f46120 DEOPT PACKING pc=0x0000026d60b20058 sp=0x000000f7b5bff0d0
Event: 327.385 Thread 0x0000026d78f46120 DEOPT UNPACKING pc=0x0000026d601c4402 sp=0x000000f7b5bff008 mode 2
Event: 327.385 Thread 0x0000026d78f46120 Uncommon trap: trap_request=0xffffff9d fr.pc=0x0000026d60d461f0 relative=0x0000000000000b90
Event: 327.385 Thread 0x0000026d78f46120 Uncommon trap: reason=unreached action=reinterpret pc=0x0000026d60d461f0 method=java.util.concurrent.LinkedBlockingQueue.take()Ljava/lang/Object; @ 67 c2
Event: 327.385 Thread 0x0000026d78f46120 DEOPT PACKING pc=0x0000026d60d461f0 sp=0x000000f7b5bff1a0
Event: 327.385 Thread 0x0000026d78f46120 DEOPT UNPACKING pc=0x0000026d601c4402 sp=0x000000f7b5bff0e0 mode 2
Event: 327.386 Thread 0x0000026d78f46120 Uncommon trap: trap_request=0xffffff45 fr.pc=0x0000026d60d22e44 relative=0x0000000000000044
Event: 327.386 Thread 0x0000026d78f46120 Uncommon trap: reason=unstable_if action=reinterpret pc=0x0000026d60d22e44 method=java.util.concurrent.ThreadPoolExecutor.runStateAtLeast(II)Z @ 2 c2
Event: 327.386 Thread 0x0000026d78f46120 DEOPT PACKING pc=0x0000026d60d22e44 sp=0x000000f7b5bff160
Event: 327.386 Thread 0x0000026d78f46120 DEOPT UNPACKING pc=0x0000026d601c4402 sp=0x000000f7b5bff0f8 mode 2
Event: 327.386 Thread 0x0000026d705fc900 Uncommon trap: trap_request=0xffffff45 fr.pc=0x0000026d60c51ff8 relative=0x0000000000000478
Event: 327.386 Thread 0x0000026d705fc900 Uncommon trap: reason=unstable_if action=reinterpret pc=0x0000026d60c51ff8 method=java.util.concurrent.locks.AbstractQueuedSynchronizer$ConditionNode.isReleasable()Z @ 14 c2
Event: 327.386 Thread 0x0000026d705fc900 DEOPT PACKING pc=0x0000026d60c51ff8 sp=0x000000f7b45ff1e0
Event: 327.386 Thread 0x0000026d705fc900 DEOPT UNPACKING pc=0x0000026d601c4402 sp=0x000000f7b45ff008 mode 2
Event: 327.386 Thread 0x0000026d705fc900 Uncommon trap: trap_request=0xffffff9d fr.pc=0x0000026d60d461f0 relative=0x0000000000000b90
Event: 327.386 Thread 0x0000026d705fc900 Uncommon trap: reason=unreached action=reinterpret pc=0x0000026d60d461f0 method=java.util.concurrent.LinkedBlockingQueue.take()Ljava/lang/Object; @ 67 c2
Event: 327.386 Thread 0x0000026d705fc900 DEOPT PACKING pc=0x0000026d60d461f0 sp=0x000000f7b45ff260
Event: 327.386 Thread 0x0000026d705fc900 DEOPT UNPACKING pc=0x0000026d601c4402 sp=0x000000f7b45ff1a0 mode 2

Classes loaded (20 events):
Event: 37.157 Loading class sun/awt/shell/ShellFolder$4
Event: 37.157 Loading class sun/awt/shell/ShellFolder$4 done
Event: 37.157 Loading class sun/awt/shell/Win32ShellFolderManager2$ComInvoker$1
Event: 37.157 Loading class sun/awt/shell/Win32ShellFolderManager2$ComInvoker$1 done
Event: 38.152 Loading class java/util/IdentityHashMap$ValueIterator
Event: 38.152 Loading class java/util/IdentityHashMap$ValueIterator done
Event: 38.152 Loading class sun/awt/AppContext$PostShutdownEventRunnable
Event: 38.152 Loading class sun/awt/AppContext$PostShutdownEventRunnable done
Event: 38.152 Loading class sun/awt/AWTAutoShutdown$1
Event: 38.152 Loading class sun/awt/AWTAutoShutdown$1 done
Event: 45.245 Loading class sun/security/ssl/Alert
Event: 45.245 Loading class sun/security/ssl/Alert done
Event: 45.245 Loading class sun/security/ssl/Alert$AlertConsumer
Event: 45.245 Loading class sun/security/ssl/Alert$AlertConsumer done
Event: 45.245 Loading class sun/security/ssl/Alert$Level
Event: 45.245 Loading class sun/security/ssl/Alert$Level done
Event: 69.501 Loading class sun/net/www/protocol/http/HttpURLConnection$10
Event: 69.504 Loading class sun/net/www/protocol/http/HttpURLConnection$10 done
Event: 327.381 Loading class jdk/internal/misc/Signal$1
Event: 327.381 Loading class jdk/internal/misc/Signal$1 done

Classes unloaded (0 events):
No events

Classes redefined (0 events):
No events

Internal exceptions (20 events):
Event: 17.023 Thread 0x0000026d4658e7e0 Exception <a 'java/io/FileNotFoundException'{0x00000007077fead8}> (0x00000007077fead8) 
thrown [s\open\src\hotspot\share\prims\jni.cpp, line 520]
Event: 17.023 Thread 0x0000026d4658e7e0 Exception <a 'java/io/FileNotFoundException'{0x0000000707400738}> (0x0000000707400738) 
thrown [s\open\src\hotspot\share\prims\jni.cpp, line 520]
Event: 17.023 Thread 0x0000026d4658e7e0 Exception <a 'java/io/FileNotFoundException'{0x0000000707401e78}> (0x0000000707401e78) 
thrown [s\open\src\hotspot\share\prims\jni.cpp, line 520]
Event: 17.026 Thread 0x0000026d4658e7e0 Implicit null exception at 0x0000026d60b4de82 to 0x0000026d60b4e984
Event: 17.027 Thread 0x0000026d4658e7e0 Implicit null exception at 0x0000026d60a6356a to 0x0000026d60a637ec
Event: 19.732 Thread 0x0000026d4658e7e0 Exception <a 'java/lang/NoSuchMethodError'{0x0000000707943be8}: 'java.lang.Object java.lang.invoke.DirectMethodHandle$Holder.newInvokeSpecial(java.lang.Object, java.lang.Object, java.lang.Object, double, double, double, double, int, int, int, int, int, int, int, int, int)'> (0x0000000707943be8) 
thrown [s\open\src\hotspot\share\interpreter\linkResolver.cpp, line 796]
Event: 29.188 Thread 0x0000026d4658e7e0 Exception <a 'java/lang/NoSuchMethodError'{0x0000000707493a58}: 'java.lang.Object java.lang.invoke.DirectMethodHandle$Holder.invokeSpecial(java.lang.Object, java.lang.Object, double, int)'> (0x0000000707493a58) 
thrown [s\open\src\hotspot\share\interpreter\linkResolver.cpp, line 796]
Event: 33.503 Thread 0x0000026d4658e7e0 Exception <a 'sun/nio/fs/WindowsException'{0x0000000706b41328}> (0x0000000706b41328) 
thrown [s\open\src\hotspot\share\prims\jni.cpp, line 520]
Event: 33.503 Thread 0x0000026d4658e7e0 Exception <a 'java/lang/NoClassDefFoundError'{0x0000000706b43120}: org/slf4j/impl/StaticLoggerBinder> (0x0000000706b43120) 
thrown [s\open\src\hotspot\share\classfile\systemDictionary.cpp, line 302]
Event: 33.544 Thread 0x0000026d4658e7e0 Implicit null exception at 0x0000026d60992094 to 0x0000026d6099286c
Event: 33.577 Thread 0x0000026d4658e7e0 Exception <a 'sun/nio/fs/WindowsException'{0x000000071440fc88}> (0x000000071440fc88) 
thrown [s\open\src\hotspot\share\prims\jni.cpp, line 520]
Event: 33.583 Thread 0x0000026d4658e7e0 Exception <a 'sun/nio/fs/WindowsException'{0x000000071441c960}> (0x000000071441c960) 
thrown [s\open\src\hotspot\share\prims\jni.cpp, line 520]
Event: 33.679 Thread 0x0000026d4658e7e0 Implicit null exception at 0x0000026d60abc2f4 to 0x0000026d60abc568
Event: 33.679 Thread 0x0000026d4658e7e0 Implicit null exception at 0x0000026d60b5649b to 0x0000026d60b56e0c
Event: 34.478 Thread 0x0000026d4658e7e0 Exception <a 'java/lang/NoSuchMethodError'{0x0000000707d908b0}: 'void java.lang.invoke.DirectMethodHandle$Holder.invokeStaticInit(java.lang.Object, java.lang.Object, java.lang.Object)'> (0x0000000707d908b0) 
thrown [s\open\src\hotspot\share\interpreter\linkResolver.cpp, line 796]
Event: 37.092 Thread 0x0000026d4658e7e0 Exception <a 'java/lang/NoSuchMethodError'{0x00000007076805f8}: 'void java.lang.invoke.Invokers$Holder.invokeExact_MT(java.lang.Object, java.lang.Object, java.lang.Object, java.lang.Object)'> (0x00000007076805f8) 
thrown [s\open\src\hotspot\share\interpreter\linkResolver.cpp, line 796]
Event: 37.096 Thread 0x0000026d4658e7e0 Exception <a 'java/lang/ClassNotFoundException'{0x00000007076a0000}: sun/awt/resources/spi/awtProvider> (0x00000007076a0000) 
thrown [s\open\src\hotspot\share\classfile\systemDictionary.cpp, line 313]
Event: 37.101 Thread 0x0000026d4658e7e0 Exception <a 'java/io/FileNotFoundException'{0x00000007076a3750}> (0x00000007076a3750) 
thrown [s\open\src\hotspot\share\prims\jni.cpp, line 520]
Event: 37.101 Thread 0x0000026d4658e7e0 Exception <a 'java/io/FileNotFoundException'{0x00000007076a5590}> (0x00000007076a5590) 
thrown [s\open\src\hotspot\share\prims\jni.cpp, line 520]
Event: 67.981 Thread 0x0000026d4658e7e0 Exception <a 'java/lang/NoSuchMethodError'{0x00000007075753d0}: 'java.lang.Object java.lang.invoke.DirectMethodHandle$Holder.invokeSpecial(java.lang.Object, java.lang.Object, java.lang.Object, long, long)'> (0x00000007075753d0) 
thrown [s\open\src\hotspot\share\interpreter\linkResolver.cpp, line 796]

VM Operations (20 events):
Event: 35.234 Executing VM operation: HandshakeAllThreads (Deoptimize) done
Event: 35.237 Executing VM operation: HandshakeAllThreads (Deoptimize)
Event: 35.237 Executing VM operation: HandshakeAllThreads (Deoptimize) done
Event: 37.155 Executing VM operation: HandshakeAllThreads (Deoptimize)
Event: 37.155 Executing VM operation: HandshakeAllThreads (Deoptimize) done
Event: 60.106 Executing VM operation: HandshakeAllThreads (HandshakeForDeflation)
Event: 60.106 Executing VM operation: HandshakeAllThreads (HandshakeForDeflation) done
Event: 60.107 Executing VM operation: RendezvousGCThreads
Event: 60.107 Executing VM operation: RendezvousGCThreads done
Event: 81.376 Executing VM operation: G1CollectForAllocation (G1 Evacuation Pause)
Event: 81.378 Executing VM operation: G1CollectForAllocation (G1 Evacuation Pause) done
Event: 83.860 Executing VM operation: G1CollectForAllocation (G1 Evacuation Pause)
Event: 83.863 Executing VM operation: G1CollectForAllocation (G1 Evacuation Pause) done
Event: 120.202 Executing VM operation: HandshakeAllThreads (HandshakeForDeflation)
Event: 120.202 Executing VM operation: HandshakeAllThreads (HandshakeForDeflation) done
Event: 120.202 Executing VM operation: RendezvousGCThreads
Event: 120.202 Executing VM operation: RendezvousGCThreads done
Event: 327.383 Executing VM operation: G1CollectForAllocation (G1 Evacuation Pause)
Event: 327.385 Executing VM operation: G1CollectForAllocation (G1 Evacuation Pause) done
Event: 327.498 Executing VM operation: Exit

Memory protections (0 events):
No events

Nmethod flushes (0 events):
No events

Events (20 events):
Event: 154.130 Thread 0x0000026d4ddba4d0 Thread exited: 0x0000026d4ddba4d0
Event: 158.214 Thread 0x0000026d78f43330 Thread exited: 0x0000026d78f43330
Event: 197.366 Thread 0x0000026d70616730 Thread added: 0x0000026d4ddb8990
Event: 197.366 Thread 0x0000026d70616730 Thread added: 0x0000026d4ddb9060
Event: 200.422 Thread 0x0000026d4ddb9060 Thread exited: 0x0000026d4ddb9060
Event: 205.430 Thread 0x0000026d4ddb8990 Thread exited: 0x0000026d4ddb8990
Event: 327.382 Thread 0x0000026d705fdcb0 Thread added: 0x0000026d78f43330
Event: 327.382 Thread 0x0000026d78f43330 Thread added: 0x0000026d78f42ca0
Event: 327.382 Thread 0x0000026d78f43330 Thread added: 0x0000026d78f481f0
Event: 327.382 Thread 0x0000026d78f43330 Thread added: 0x0000026d78f45400
Event: 327.382 Thread 0x0000026d78f43330 Thread added: 0x0000026d78f44d70
Event: 327.383 Thread 0x0000026d78f42ca0 Thread exited: 0x0000026d78f42ca0
Event: 327.385 Thread 0x0000026d78f439c0 Thread added: 0x0000026d78f42ca0
Event: 327.385 Thread 0x0000026d78f45400 Thread exited: 0x0000026d78f45400
Event: 327.386 Thread 0x0000026d78f46120 Thread exited: 0x0000026d78f46120
Event: 327.386 Thread 0x0000026d78f481f0 Thread exited: 0x0000026d78f481f0
Event: 327.388 Thread 0x0000026d78f439c0 Thread exited: 0x0000026d78f439c0
Event: 327.417 Thread 0x0000026d705fc900 Thread exited: 0x0000026d705fc900
Event: 327.497 Thread 0x0000026d78f44d70 Thread exited: 0x0000026d78f44d70
Event: 327.497 Thread 0x0000026d78f43330 Before exit entered


Dynamic libraries:
0x00007ff661720000 - 0x00007ff66172e000 	C:\Users\User\.jdks\openjdk-23.0.2\bin\java.exe
0x00007ffa28d20000 - 0x00007ffa28f87000 	C:\WINDOWS\SYSTEM32\ntdll.dll
0x00007ffa27650000 - 0x00007ffa27719000 	C:\WINDOWS\System32\KERNEL32.DLL
0x00007ffa266b0000 - 0x00007ffa26aa0000 	C:\WINDOWS\System32\KERNELBASE.dll
0x00007ffa25e50000 - 0x00007ffa25f9b000 	C:\WINDOWS\System32\ucrtbase.dll
0x00007ffa0d330000 - 0x00007ffa0d347000 	C:\Users\User\.jdks\openjdk-23.0.2\bin\jli.dll
0x00007ff9c3de0000 - 0x00007ff9c3dfb000 	C:\Users\User\.jdks\openjdk-23.0.2\bin\VCRUNTIME140.dll
0x00007ffa281e0000 - 0x00007ffa283a5000 	C:\WINDOWS\System32\USER32.dll
0x00007ffa09b50000 - 0x00007ffa09dea000 	C:\WINDOWS\WinSxS\amd64_microsoft.windows.common-controls_6595b64144ccf1df_6.0.26100.4768_none_3e0c112ce331287c\COMCTL32.dll
0x00007ffa26390000 - 0x00007ffa263b7000 	C:\WINDOWS\System32\win32u.dll
0x00007ffa27360000 - 0x00007ffa27409000 	C:\WINDOWS\System32\msvcrt.dll
0x00007ffa27800000 - 0x00007ffa2782b000 	C:\WINDOWS\System32\GDI32.dll
0x00007ffa260d0000 - 0x00007ffa26208000 	C:\WINDOWS\System32\gdi32full.dll
0x00007ffa263c0000 - 0x00007ffa26463000 	C:\WINDOWS\System32\msvcp_win.dll
0x00007ffa27610000 - 0x00007ffa2763f000 	C:\WINDOWS\System32\IMM32.DLL
0x00007ffa11d50000 - 0x00007ffa11d5c000 	C:\Users\User\.jdks\openjdk-23.0.2\bin\vcruntime140_1.dll
0x00007ff9bbd20000 - 0x00007ff9bbdae000 	C:\Users\User\.jdks\openjdk-23.0.2\bin\msvcp140.dll
0x00007ff95c500000 - 0x00007ff95d250000 	C:\Users\User\.jdks\openjdk-23.0.2\bin\server\jvm.dll
0x00007ffa284e0000 - 0x00007ffa28594000 	C:\WINDOWS\System32\ADVAPI32.dll
0x00007ffa283c0000 - 0x00007ffa28466000 	C:\WINDOWS\System32\sechost.dll
0x00007ffa26e70000 - 0x00007ffa26f88000 	C:\WINDOWS\System32\RPCRT4.dll
0x00007ffa27720000 - 0x00007ffa27794000 	C:\WINDOWS\System32\WS2_32.dll
0x00007ffa18550000 - 0x00007ffa18585000 	C:\WINDOWS\SYSTEM32\WINMM.dll
0x00007ffa25320000 - 0x00007ffa2537e000 	C:\WINDOWS\SYSTEM32\POWRPROF.dll
0x00007ffa1be70000 - 0x00007ffa1be7b000 	C:\WINDOWS\SYSTEM32\VERSION.dll
0x00007ffa25300000 - 0x00007ffa25314000 	C:\WINDOWS\SYSTEM32\UMPDC.dll
0x00007ffa24bd0000 - 0x00007ffa24beb000 	C:\WINDOWS\SYSTEM32\kernel.appcore.dll
0x00007ffa0db40000 - 0x00007ffa0db4a000 	C:\Users\User\.jdks\openjdk-23.0.2\bin\jimage.dll
0x00007ffa22f90000 - 0x00007ffa231d1000 	C:\WINDOWS\SYSTEM32\DBGHELP.DLL
0x00007ffa26f90000 - 0x00007ffa27315000 	C:\WINDOWS\System32\combase.dll
0x00007ffa26ad0000 - 0x00007ffa26bb0000 	C:\WINDOWS\System32\OLEAUT32.dll
0x00007ff9e8ff0000 - 0x00007ff9e9033000 	C:\WINDOWS\SYSTEM32\dbgcore.DLL
0x00007ffa25fa0000 - 0x00007ffa26039000 	C:\WINDOWS\System32\bcryptPrimitives.dll
0x00007ffa1dbc0000 - 0x00007ffa1dbcf000 	C:\Users\User\.jdks\openjdk-23.0.2\bin\instrument.dll
0x00007ff9c13e0000 - 0x00007ff9c13fe000 	C:\Users\User\.jdks\openjdk-23.0.2\bin\java.dll
0x00007ffa26cc0000 - 0x00007ffa26e60000 	C:\WINDOWS\System32\ole32.dll
0x00007ffa27a40000 - 0x00007ffa2818d000 	C:\WINDOWS\System32\SHELL32.dll
0x00007ffa26210000 - 0x00007ffa26383000 	C:\WINDOWS\System32\wintypes.dll
0x00007ffa23a10000 - 0x00007ffa2426f000 	C:\WINDOWS\SYSTEM32\windows.storage.dll
0x00007ffa278b0000 - 0x00007ffa279a5000 	C:\WINDOWS\System32\SHCORE.dll
0x00007ffa28470000 - 0x00007ffa284da000 	C:\WINDOWS\System32\shlwapi.dll
0x00007ffa25d70000 - 0x00007ffa25d99000 	C:\WINDOWS\SYSTEM32\profapi.dll
0x00007ff9b9b90000 - 0x00007ff9b9c67000 	C:\Users\User\.jdks\openjdk-23.0.2\bin\jsvml.dll
0x00007ff9d0810000 - 0x00007ff9d0820000 	C:\Users\User\.jdks\openjdk-23.0.2\bin\net.dll
0x00007ffa251d0000 - 0x00007ffa2523b000 	C:\WINDOWS\system32\mswsock.dll
0x00007ff9c13c0000 - 0x00007ff9c13d6000 	C:\Users\User\.jdks\openjdk-23.0.2\bin\nio.dll
0x00007ff9c13a0000 - 0x00007ff9c13b7000 	C:\Users\User\.jdks\openjdk-23.0.2\bin\zip.dll
0x0000026d46ce0000 - 0x0000026d46ce3000 	C:\Users\User\.openjfx\cache\17.0.6\api-ms-win-core-console-l1-1-0.dll
0x0000026d46cf0000 - 0x0000026d46cf3000 	C:\Users\User\.openjfx\cache\17.0.6\api-ms-win-core-console-l1-2-0.dll
0x00007ffa246b0000 - 0x00007ffa247d6000 	C:\WINDOWS\SYSTEM32\DNSAPI.dll
0x00007ffa24670000 - 0x00007ffa246a3000 	C:\WINDOWS\SYSTEM32\IPHLPAPI.DLL
0x00007ffa27350000 - 0x00007ffa2735a000 	C:\WINDOWS\System32\NSI.dll
0x0000026d47040000 - 0x0000026d47043000 	C:\Users\User\.openjfx\cache\17.0.6\api-ms-win-core-datetime-l1-1-0.dll
0x00007ffa1c010000 - 0x00007ffa1c01b000 	C:\Windows\System32\rasadhlp.dll
0x00007ffa1d780000 - 0x00007ffa1d806000 	C:\WINDOWS\System32\fwpuclnt.dll
0x0000026d47050000 - 0x0000026d47053000 	C:\Users\User\.openjfx\cache\17.0.6\api-ms-win-core-debug-l1-1-0.dll
0x0000026d47060000 - 0x0000026d47063000 	C:\Users\User\.openjfx\cache\17.0.6\api-ms-win-core-errorhandling-l1-1-0.dll
0x00007ffa1dbb0000 - 0x00007ffa1dbba000 	C:\Users\User\.jdks\openjdk-23.0.2\bin\management.dll
0x0000026d47070000 - 0x0000026d47074000 	C:\Users\User\.openjfx\cache\17.0.6\api-ms-win-core-file-l1-1-0.dll
0x0000026d47080000 - 0x0000026d47083000 	C:\Users\User\.openjfx\cache\17.0.6\api-ms-win-core-file-l1-2-0.dll
0x0000026d47090000 - 0x0000026d47093000 	C:\Users\User\.openjfx\cache\17.0.6\api-ms-win-core-file-l2-1-0.dll
0x0000026d470a0000 - 0x0000026d470a3000 	C:\Users\User\.openjfx\cache\17.0.6\api-ms-win-core-handle-l1-1-0.dll
0x00007ffa1dba0000 - 0x00007ffa1dbab000 	C:\Users\User\.jdks\openjdk-23.0.2\bin\management_ext.dll
0x00007ffa28cd0000 - 0x00007ffa28cd8000 	C:\WINDOWS\System32\PSAPI.DLL
0x0000026d470b0000 - 0x0000026d470b3000 	C:\Users\User\.openjfx\cache\17.0.6\api-ms-win-core-heap-l1-1-0.dll
0x0000026d470c0000 - 0x0000026d470c3000 	C:\Users\User\.openjfx\cache\17.0.6\api-ms-win-core-interlocked-l1-1-0.dll
0x0000026d470d0000 - 0x0000026d470d3000 	C:\Users\User\.openjfx\cache\17.0.6\api-ms-win-core-libraryloader-l1-1-0.dll
0x0000026d470e0000 - 0x0000026d470e3000 	C:\Users\User\.openjfx\cache\17.0.6\api-ms-win-core-localization-l1-2-0.dll
0x0000026d470f0000 - 0x0000026d470f3000 	C:\Users\User\.openjfx\cache\17.0.6\api-ms-win-core-memory-l1-1-0.dll
0x0000026d47100000 - 0x0000026d47103000 	C:\Users\User\.openjfx\cache\17.0.6\api-ms-win-core-namedpipe-l1-1-0.dll
0x0000026d47110000 - 0x0000026d47113000 	C:\Users\User\.openjfx\cache\17.0.6\api-ms-win-core-processenvironment-l1-1-0.dll
0x0000026d47120000 - 0x0000026d47123000 	C:\Users\User\.openjfx\cache\17.0.6\api-ms-win-core-processthreads-l1-1-0.dll
0x0000026d47130000 - 0x0000026d47133000 	C:\Users\User\.openjfx\cache\17.0.6\api-ms-win-core-processthreads-l1-1-1.dll
0x0000026d47140000 - 0x0000026d47143000 	C:\Users\User\.openjfx\cache\17.0.6\api-ms-win-core-profile-l1-1-0.dll
0x0000026d47150000 - 0x0000026d47153000 	C:\Users\User\.openjfx\cache\17.0.6\api-ms-win-core-rtlsupport-l1-1-0.dll
0x0000026d47160000 - 0x0000026d47163000 	C:\Users\User\.openjfx\cache\17.0.6\api-ms-win-core-string-l1-1-0.dll
0x0000026d47170000 - 0x0000026d47173000 	C:\Users\User\.openjfx\cache\17.0.6\api-ms-win-core-synch-l1-1-0.dll
0x0000026d47180000 - 0x0000026d47183000 	C:\Users\User\.openjfx\cache\17.0.6\api-ms-win-core-synch-l1-2-0.dll
0x0000026d47190000 - 0x0000026d47193000 	C:\Users\User\.openjfx\cache\17.0.6\api-ms-win-core-sysinfo-l1-1-0.dll
0x0000026d471a0000 - 0x0000026d471a3000 	C:\Users\User\.openjfx\cache\17.0.6\api-ms-win-core-timezone-l1-1-0.dll
0x0000026d471b0000 - 0x0000026d471b3000 	C:\Users\User\.openjfx\cache\17.0.6\api-ms-win-core-util-l1-1-0.dll
0x0000026d471c0000 - 0x0000026d471c3000 	C:\Users\User\.openjfx\cache\17.0.6\api-ms-win-crt-conio-l1-1-0.dll
0x0000026d471d0000 - 0x0000026d471d4000 	C:\Users\User\.openjfx\cache\17.0.6\api-ms-win-crt-convert-l1-1-0.dll
0x0000026d471e0000 - 0x0000026d471e3000 	C:\Users\User\.openjfx\cache\17.0.6\api-ms-win-crt-environment-l1-1-0.dll
0x0000026d471f0000 - 0x0000026d471f3000 	C:\Users\User\.openjfx\cache\17.0.6\api-ms-win-crt-filesystem-l1-1-0.dll
0x0000026d47200000 - 0x0000026d47203000 	C:\Users\User\.openjfx\cache\17.0.6\api-ms-win-crt-heap-l1-1-0.dll
0x0000026d47210000 - 0x0000026d47213000 	C:\Users\User\.openjfx\cache\17.0.6\api-ms-win-crt-locale-l1-1-0.dll
0x0000026d47220000 - 0x0000026d47225000 	C:\Users\User\.openjfx\cache\17.0.6\api-ms-win-crt-math-l1-1-0.dll
0x0000026d47230000 - 0x0000026d47235000 	C:\Users\User\.openjfx\cache\17.0.6\api-ms-win-crt-multibyte-l1-1-0.dll
0x0000026d47240000 - 0x0000026d47250000 	C:\Users\User\.openjfx\cache\17.0.6\api-ms-win-crt-private-l1-1-0.dll
0x0000026d47250000 - 0x0000026d47253000 	C:\Users\User\.openjfx\cache\17.0.6\api-ms-win-crt-process-l1-1-0.dll
0x0000026d47260000 - 0x0000026d47264000 	C:\Users\User\.openjfx\cache\17.0.6\api-ms-win-crt-runtime-l1-1-0.dll
0x0000026d47270000 - 0x0000026d47274000 	C:\Users\User\.openjfx\cache\17.0.6\api-ms-win-crt-stdio-l1-1-0.dll
0x0000026d47280000 - 0x0000026d47284000 	C:\Users\User\.openjfx\cache\17.0.6\api-ms-win-crt-string-l1-1-0.dll
0x0000026d47290000 - 0x0000026d47293000 	C:\Users\User\.openjfx\cache\17.0.6\api-ms-win-crt-time-l1-1-0.dll
0x0000026d472a0000 - 0x0000026d472a3000 	C:\Users\User\.openjfx\cache\17.0.6\api-ms-win-crt-utility-l1-1-0.dll
0x00007ff9ba420000 - 0x00007ff9ba51c000 	C:\Users\User\.openjfx\cache\17.0.6\ucrtbase.dll
0x00007ffa1db60000 - 0x00007ffa1db7a000 	C:\Users\User\.openjfx\cache\17.0.6\vcruntime140.dll
0x00007ffa1db90000 - 0x00007ffa1db9c000 	C:\Users\User\.openjfx\cache\17.0.6\vcruntime140_1.dll
0x00007ffa0d9e0000 - 0x00007ffa0da6d000 	C:\Users\User\.openjfx\cache\17.0.6\msvcp140.dll
0x00007ffa1db50000 - 0x00007ffa1db59000 	C:\Users\User\.openjfx\cache\17.0.6\msvcp140_1.dll
0x00007ffa1db20000 - 0x00007ffa1db4f000 	C:\Users\User\.openjfx\cache\17.0.6\msvcp140_2.dll
0x00007ffa1dab0000 - 0x00007ffa1dada000 	C:\Users\User\.openjfx\cache\17.0.6\prism_d3d.dll
0x00007ff9f6ea0000 - 0x00007ff9f705b000 	C:\WINDOWS\system32\d3d9.dll
0x00007ffa22e60000 - 0x00007ffa22e95000 	C:\WINDOWS\SYSTEM32\dwmapi.dll
0x00007ffa22ca0000 - 0x00007ffa22ced000 	C:\WINDOWS\SYSTEM32\dxcore.dll
0x00007ffa22ba0000 - 0x00007ffa22c4f000 	C:\WINDOWS\system32\uxtheme.dll
0x00007ffa25540000 - 0x00007ffa2555b000 	C:\WINDOWS\SYSTEM32\CRYPTSP.dll
0x00007ffa24b30000 - 0x00007ffa24b6b000 	C:\WINDOWS\system32\rsaenh.dll
0x00007ffa25290000 - 0x00007ffa252bb000 	C:\WINDOWS\SYSTEM32\USERENV.dll
0x00007ffa25d40000 - 0x00007ffa25d66000 	C:\WINDOWS\SYSTEM32\bcrypt.dll
0x00007ffa25560000 - 0x00007ffa2556c000 	C:\WINDOWS\SYSTEM32\CRYPTBASE.dll
0x00007ffa25af0000 - 0x00007ffa25b47000 	C:\WINDOWS\SYSTEM32\CFGMGR32.dll
0x00007ffa1d990000 - 0x00007ffa1d9fa000 	C:\WINDOWS\SYSTEM32\directxdatabasehelper.dll
0x00007ff9b8110000 - 0x00007ff9b8128000 	C:\WINDOWS\system32\napinsp.dll
0x00007ff9b80f0000 - 0x00007ff9b8102000 	C:\WINDOWS\System32\winrnr.dll
0x00007ff9cffb0000 - 0x00007ff9cffe0000 	C:\WINDOWS\system32\nlansp_c.dll
0x00007ff9ef4a0000 - 0x00007ff9ef4c0000 	C:\WINDOWS\system32\wshbth.dll
0x00007ffa25670000 - 0x00007ffa25683000 	C:\WINDOWS\SYSTEM32\msasn1.dll
0x00007ffa1a270000 - 0x00007ffa1a2ab000 	C:\WINDOWS\SYSTEM32\cryptnet.dll
0x00007ffa26470000 - 0x00007ffa265e7000 	C:\WINDOWS\System32\CRYPT32.dll
0x00007ffa26040000 - 0x00007ffa260c4000 	C:\WINDOWS\System32\wintrust.dll
0x00007ffa27320000 - 0x00007ffa27340000 	C:\WINDOWS\System32\imagehlp.dll
0x00007ffa08b90000 - 0x00007ffa08bde000 	C:\WINDOWS\SYSTEM32\pdh.dll
0x00007ffa0d290000 - 0x00007ffa0d2d2000 	C:\Users\User\.openjfx\cache\17.0.6\glass.dll
0x00007ffa26bc0000 - 0x00007ffa26cb8000 	C:\WINDOWS\System32\COMDLG32.dll
0x00007ff99f000000 - 0x00007ff99f133000 	C:\ProgramData\A-Volute\A-Volute.Nahimic\Modules\Scheduled\x64\AudioDevProps2.dll
0x00007ffa27410000 - 0x00007ffa27571000 	C:\WINDOWS\System32\MSCTF.dll

dbghelp: loaded successfully - version: 4.0.5 - missing functions: none
symbol engine: initialized successfully - sym options: 0x614 - pdb path: .;C:\Users\User\.jdks\openjdk-23.0.2\bin;C:\WINDOWS\SYSTEM32;C:\WINDOWS\WinSxS\amd64_microsoft.windows.common-controls_6595b64144ccf1df_6.0.26100.4768_none_3e0c112ce331287c;C:\Users\User\.jdks\openjdk-23.0.2\bin\server;C:\Users\User\.openjfx\cache\17.0.6;C:\WINDOWS\System32\DriverStore\FileRepository\nvmii.inf_amd64_8e2b7f872a9cdacc;C:\ProgramData\A-Volute\A-Volute.Nahimic\Modules\Scheduled\x64;C:\WINDOWS\System32\DriverStore\FileRepository\iigd_dch.inf_amd64_d6e2ca28201a0bfa;C:\Program Files\Common Files\Microsoft Shared\Ink

VM Arguments:
jvm_args: --enable-preview -javaagent:C:\Program Files\JetBrains\IntelliJ IDEA 2025.1.1.1\lib\idea_rt.jar=51115 -Dfile.encoding=UTF-8 -Dsun.stdout.encoding=UTF-8 -Dsun.stderr.encoding=UTF-8 --module-path=C:\Users\User\.m2\repository\com\fasterxml\jackson\core\jackson-annotations\2.14.2\jackson-annotations-2.14.2.jar;C:\Users\User\.m2\repository\com\gluonhq\attach\util\4.0.17\util-4.0.17.jar;C:\Users\User\.m2\repository\com\github\almasb\fxgl-scene\17.3\fxgl-scene-17.3.jar;C:\Users\User\.m2\repository\org\controlsfx\controlsfx\11.2.1\controlsfx-11.2.1.jar;C:\Users\User\.m2\repository\com\fasterxml\jackson\core\jackson-databind\2.14.2\jackson-databind-2.14.2.jar;C:\Users\User\.m2\repository\net\synedra\validatorfx\0.5.0\validatorfx-0.5.0.jar;C:\Users\User\.m2\repository\org\openjfx\javafx-base\17.0.6\javafx-base-17.0.6-win.jar;C:\Users\User\.m2\repository\org\openjfx\javafx-fxml\17.0.6\javafx-fxml-17.0.6-win.jar;C:\Users\User\.m2\repository\org\openjfx\javafx-controls\17.0.6\javafx-controls-17.0.6-win.jar;C:\Users\User\.m2\repository\eu\hansolo\toolbox\21.0.5\toolbox-21.0.5.jar;C:\Users\User\.m2\repository\com\gluonhq\attach\audio\4.0.17\audio-4.0.17.jar;C:\Users\User\.m2\repository\eu\hansolo\toolboxfx\21.0.3\toolboxfx-21.0.3.jar;C:\Users\User\.m2\repository\org\openjfx\javafx-web\17.0.6\javafx-web-17.0.6-win.jar;C:\Users\User\.m2\repository\org\kordamp\ikonli\ikonli-javafx\12.3.1\ikonli-javafx-12.3.1.jar;C:\Users\User\.m2\repository\com\fasterxml\jackson\core\jackson-core\2.14.2\jackson-core-2.14.2.jar;C:\Users\User\.m2\repository\org\openjfx\javafx-swing\17.0.6\javafx-swing-17.0.6-win.jar;C:\Users\User\.m2\repository\eu\hansolo\fx\countries\21.0.3\countries-21.0.3.jar;C:\Users\User\.m2\repository\org\openjfx\javafx-media\17.0.6\javafx-media-17.0.6-win.jar;C:\Users\User\.m2\repository\org\kordamp\ikonli\ikonli-core\12.3.1\ikonli-core-12.3.1.jar;C:\Users\User\.m2\repository\com\github\almasb\fxgl-core\17.3\fxgl-core-17.3.jar;C:\Workspace\GameBauCuaTomCa\GameBauCuaTomCa-master fix1\GameBauCuaTomCa-master\target\classes;C:\Users\User\.m2\repository\com\github\almasb\fxgl-entity\17.3\fxgl-entity-17.3.jar;C:\Users\User\.m2\repository\org\jetbrains\kotlin\k-Djdk.module.main=com.baucua.baucuatomca 
java_command: com.baucua.baucuatomca/client.LoginScene
java_class_path (initial): C:\Users\User\.m2\repository\org\slf4j\slf4j-api\1.7.21\slf4j-api-1.7.21.jar;C:\Users\User\.m2\repository\ch\qos\logback\logback-classic\1.4.14\logback-classic-1.4.14.jar;C:\Users\User\.m2\repository\ch\qos\logback\logback-core\1.4.14\logback-core-1.4.14.jar;C:\Users\User\.m2\repository\com\mysql\mysql-connector-j\8.0.33\mysql-connector-j-8.0.33.jar;C:\Users\User\.m2\repository\com\google\protobuf\protobuf-java\3.21.9\protobuf-java-3.21.9.jar;C:\Users\User\.m2\repository\org\openjfx\javafx-controls\17.0.6\javafx-controls-17.0.6.jar;C:\Users\User\.m2\repository\org\openjfx\javafx-graphics\17.0.6\javafx-graphics-17.0.6.jar;C:\Users\User\.m2\repository\org\openjfx\javafx-base\17.0.6\javafx-base-17.0.6.jar;C:\Users\User\.m2\repository\org\openjfx\javafx-fxml\17.0.6\javafx-fxml-17.0.6.jar;C:\Users\User\.m2\repository\org\openjfx\javafx-web\17.0.6\javafx-web-17.0.6.jar;C:\Users\User\.m2\repository\org\openjfx\javafx-swing\17.0.6\javafx-swing-17.0.6.jar;C:\Users\User\.m2\repository\org\openjfx\javafx-media\17.0.6\javafx-media-17.0.6.jar;C:\Users\User\.m2\repository\org\jetbrains\kotlin\kotlin-stdlib-common\1.8.10\kotlin-stdlib-common-1.8.10.jar;C:\Users\User\.m2\repository\org\jetbrains\annotations\13.0\annotations-13.0.jar
Launcher Type: SUN_STANDARD

[Global flags]
     intx CICompilerCount                          = 12                                        {product} {ergonomic}
     uint ConcGCThreads                            = 3                                         {product} {ergonomic}
     uint G1ConcRefinementThreads                  = 13                                        {product} {ergonomic}
   size_t G1HeapRegionSize                         = 2097152                                   {product} {ergonomic}
   size_t InitialHeapSize                          = 264241152                                 {product} {ergonomic}
   size_t MarkStackSize                            = 4194304                                   {product} {ergonomic}
   size_t MarkStackSizeMax                         = 536870912                                 {product} {ergonomic}
   size_t MaxHeapSize                              = 4217372672                                {product} {ergonomic}
   size_t MaxNewSize                               = 2529165312                                {product} {ergonomic}
   size_t MinHeapDeltaBytes                        = 2097152                                   {product} {ergonomic}
   size_t MinHeapSize                              = 8388608                                   {product} {ergonomic}
    uintx NonNMethodCodeHeapSize                   = 7602176                                {pd product} {ergonomic}
    uintx NonProfiledCodeHeapSize                  = 122093568                              {pd product} {ergonomic}
    uintx ProfiledCodeHeapSize                     = 121962496                              {pd product} {ergonomic}
    uintx ReservedCodeCacheSize                    = 251658240                              {pd product} {ergonomic}
     bool SegmentedCodeCache                       = true                                      {product} {ergonomic}
   size_t SoftMaxHeapSize                          = 4217372672                             {manageable} {ergonomic}
     bool UseCompressedOops                        = true                           {product lp64_product} {ergonomic}
     bool UseG1GC                                  = true                                      {product} {ergonomic}
     bool UseLargePagesIndividualAllocation        = false                                  {pd product} {ergonomic}

Logging:
Log output configuration:
 #0: stdout all=off uptime,level,tags foldmultilines=false
 #1: stderr all=off uptime,level,tags foldmultilines=false

Environment Variables:
JAVA_HOME="C:\Program Files\Java\jdk-17"
PATH=C:\Python313\Scripts\;C:\Python313\;"C:\Program Files\Java\jdk-17"\bin;C:\Windows\system32;C:\Windows;C:\Windows\System32\Wbem;C:\Windows\System32\WindowsPowerShell\v1.0\;C:\Windows\System32\OpenSSH\;C:\Program Files (x86)\NVIDIA Corporation\PhysX\Common;C:\Program Files\Microsoft SQL Server\150\Tools\Binn\;C:\Program Files\Microsoft SQL Server\Client SDK\ODBC\170\Tools\Binn\;C:\Program Files\dotnet\;C:\Program Files (x86)\Microsoft SQL Server\160\Tools\Binn\;C:\Program Files\Microsoft SQL Server\160\Tools\Binn\;C:\Program Files\Microsoft SQL Server\160\DTS\Binn\;C:\Program Files (x86)\Microsoft SQL Server\160\DTS\Binn\;C:\Program Files\Azure Data Studio\bin;C:\Program Files\NVIDIA Corporation\NVIDIA app\NvDLISR;C:\WINDOWS\system32;C:\WINDOWS;C:\WINDOWS\System32\Wbem;C:\WINDOWS\System32\WindowsPowerShell\v1.0\;C:\WINDOWS\System32\OpenSSH\;C:\Program Files\Git\cmd;c:\Users\User\AppData\Local\Programs\cursor\resources\app\bin;C:\Program Files\Cloudflare\Cloudflare WARP\;C:\Program Files\nodejs\;C:\ProgramData\chocolatey\bin;C:\Users\User\AppData\Local\Microsoft\WindowsApps;C:\Users\User\.dotnet\tools;C:\Users\User\AppData\Local\Programs\Microsoft VS Code\bin;C:\Program Files\Azure Data Studio\bin;C:\Users\User\AppData\Local\Dart_SDK\dart-sdk\bin;C:\Users\User\AppData\Local\Flutter\flutter_windows_3.22.2-stable\flutter\bin;C:\Users\User\AppData\Local\Programs\cursor\resources\app\bin;C:\Program Files\JetBrains\IntelliJ IDEA 2025.1.1.1\bin;;C:\Users\User\AppData\Roaming\npm
USERNAME=User
OS=Windows_NT
PROCESSOR_IDENTIFIER=Intel64 Family 6 Model 154 Stepping 3, GenuineIntel
TMP=C:\Users\User\AppData\Local\Temp
TEMP=C:\Users\User\AppData\Local\Temp




Periodic native trim disabled

---------------  S Y S T E M  ---------------

OS:
 Windows 11 , 64 bit Build 26100 (10.0.26100.4768)
OS uptime: 0 days 1:18 hours
Hyper-V role detected

CPU: total 16 (initial active 16) (8 cores per cpu, 2 threads per core) family 6 model 154 stepping 3 microcode 0x424, cx8, cmov, fxsr, ht, mmx, 3dnowpref, sse, sse2, sse3, ssse3, sse4.1, sse4.2, popcnt, lzcnt, tsc, tscinvbit, avx, avx2, aes, erms, clmul, bmi1, bmi2, adx, sha, fma, vzeroupper, clflush, clflushopt, clwb, hv, serialize, rdtscp, rdpid, fsrm, gfni, f16c, cet_ibt, cet_ss
Processor Information for the first 16 processors :
  Max Mhz: 2300, Current Mhz: 2300, Mhz Limit: 2300

Memory: 4k page, system-wide physical 16087M (2652M free)
TotalPageFile size 29911M (AvailPageFile size 12890M)
current process WorkingSet (physical memory assigned to process): 302M, peak: 359M
current process commit charge ("private bytes"): 395M, peak: 592M

vm_info: OpenJDK 64-Bit Server VM (23.0.2+7-58) for windows-amd64 JRE (23.0.2+7-58), built on 2024-11-29T09:34:55Z with MS VC++ 17.6 (VS2022)

END.
